2025-02-16 23:18:31,135:INFO:Epoch 1/5 - Train Loss: 0.33676064602602274
2025-02-16 23:18:31,135:INFO:Epoch 1/5 - Train Accuracy: 0.851675
2025-02-16 23:18:45,728:INFO:Epoch 1/5 - Validation Loss: 0.32368050104677676
2025-02-16 23:18:45,729:INFO:Epoch 1/5 - Validation Accuracy: 0.8624
2025-02-16 23:18:46,250:INFO:Model updated: Saved at ./exp_1/checkpoints/best_model_bert.pt
2025-02-16 23:30:36,879:INFO:Epoch 2/5 - Train Loss: 0.21772084784675388
2025-02-16 23:30:36,879:INFO:Epoch 2/5 - Train Accuracy: 0.9119
2025-02-16 23:31:11,439:INFO:Epoch 2/5 - Validation Loss: 0.3026500484600663
2025-02-16 23:31:11,440:INFO:Epoch 2/5 - Validation Accuracy: 0.8808
2025-02-16 23:31:14,566:INFO:Model updated: Saved at ./exp_1/checkpoints/best_model_bert.pt
2025-02-16 23:45:57,622:INFO:Epoch 3/5 - Train Loss: 0.13290021412926725
2025-02-16 23:45:57,622:INFO:Epoch 3/5 - Train Accuracy: 0.9502
2025-02-16 23:46:31,744:INFO:Epoch 3/5 - Validation Loss: 0.3194455797892064
2025-02-16 23:46:31,744:INFO:Epoch 3/5 - Validation Accuracy: 0.8854
2025-02-16 23:46:34,809:INFO:Model updated: Saved at ./exp_1/checkpoints/best_model_bert.pt
2025-02-17 00:01:23,830:INFO:Epoch 4/5 - Train Loss: 0.09467638982463396
2025-02-17 00:01:23,831:INFO:Epoch 4/5 - Train Accuracy: 0.966875
2025-02-17 00:01:55,437:INFO:Epoch 4/5 - Validation Loss: 0.3953201302303001
2025-02-17 00:01:55,437:INFO:Epoch 4/5 - Validation Accuracy: 0.8732
2025-02-17 00:16:44,080:INFO:Epoch 5/5 - Train Loss: 0.08052383723943494
2025-02-17 00:16:44,080:INFO:Epoch 5/5 - Train Accuracy: 0.9713
2025-02-17 00:17:18,312:INFO:Epoch 5/5 - Validation Loss: 0.42877207628935576
2025-02-17 00:17:18,312:INFO:Epoch 5/5 - Validation Accuracy: 0.875
2025-02-17 00:18:02,045:INFO:Test Loss: 0.32021450531096196
2025-02-17 00:18:02,045:INFO:Test Accuracy: 0.8804
