2025-02-16 00:05:05,235:INFO:Epoch 1/5 - Train Loss: 0.2860728413352277
2025-02-16 00:05:05,236:INFO:Epoch 1/5 - Train Accuracy: 0.877275
2025-02-16 00:05:25,930:INFO:Epoch 1/5 - Validation Loss: 0.24575414484739302
2025-02-16 00:05:25,931:INFO:Epoch 1/5 - Validation Accuracy: 0.9054
2025-02-16 00:05:26,650:INFO:Model updated: Saved at ./exp_1/checkpoints/best_model_modernbert.pt
2025-02-16 00:14:51,933:INFO:Epoch 2/5 - Train Loss: 0.1617144908872433
2025-02-16 00:14:51,933:INFO:Epoch 2/5 - Train Accuracy: 0.937625
2025-02-16 00:15:12,150:INFO:Epoch 2/5 - Validation Loss: 0.24130271857380867
2025-02-16 00:15:12,150:INFO:Epoch 2/5 - Validation Accuracy: 0.9042
2025-02-16 00:24:38,725:INFO:Epoch 3/5 - Train Loss: 0.07683565317811153
2025-02-16 00:24:38,725:INFO:Epoch 3/5 - Train Accuracy: 0.973325
2025-02-16 00:24:59,075:INFO:Epoch 3/5 - Validation Loss: 0.26951041817683724
2025-02-16 00:24:59,076:INFO:Epoch 3/5 - Validation Accuracy: 0.905
2025-02-16 00:34:26,724:INFO:Epoch 4/5 - Train Loss: 0.042576799278096586
2025-02-16 00:34:26,724:INFO:Epoch 4/5 - Train Accuracy: 0.9854
2025-02-16 00:34:47,287:INFO:Epoch 4/5 - Validation Loss: 0.3543074489405146
2025-02-16 00:34:47,288:INFO:Epoch 4/5 - Validation Accuracy: 0.9014
2025-02-16 00:44:15,401:INFO:Epoch 5/5 - Train Loss: 0.03160751251852689
2025-02-16 00:44:15,401:INFO:Epoch 5/5 - Train Accuracy: 0.9889
2025-02-16 00:44:35,761:INFO:Epoch 5/5 - Validation Loss: 0.380929600833694
2025-02-16 00:44:35,761:INFO:Epoch 5/5 - Validation Accuracy: 0.904
2025-02-16 00:44:59,787:INFO:Test Loss: 0.24333165315538643
2025-02-16 00:44:59,787:INFO:Test Accuracy: 0.8972
