2025-02-16 01:07:26,121:INFO:Epoch 1/5 - Train Loss: 0.7008214005470276
2025-02-16 01:07:26,122:INFO:Epoch 1/5 - Train Accuracy: 0.500875
2025-02-16 01:07:40,278:INFO:Epoch 1/5 - Validation Loss: 0.6942815719604493
2025-02-16 01:07:40,279:INFO:Epoch 1/5 - Validation Accuracy: 0.5106
2025-02-16 01:07:40,825:INFO:Model updated: Saved at ./exp_1/checkpoints/best_model_bert.pt
2025-02-16 01:14:27,028:INFO:Epoch 2/5 - Train Loss: 0.696371673989296
2025-02-16 01:14:27,028:INFO:Epoch 2/5 - Train Accuracy: 0.5011
2025-02-16 01:14:41,079:INFO:Epoch 2/5 - Validation Loss: 0.6940552720069886
2025-02-16 01:14:41,079:INFO:Epoch 2/5 - Validation Accuracy: 0.5106
2025-02-16 01:21:27,436:INFO:Epoch 3/5 - Train Loss: 0.6962155863046646
2025-02-16 01:21:27,437:INFO:Epoch 3/5 - Train Accuracy: 0.500175
2025-02-16 01:21:41,558:INFO:Epoch 3/5 - Validation Loss: 0.7193928330421447
2025-02-16 01:21:41,558:INFO:Epoch 3/5 - Validation Accuracy: 0.4894
2025-02-16 01:28:28,181:INFO:Epoch 4/5 - Train Loss: 0.6949939961791038
2025-02-16 01:28:28,181:INFO:Epoch 4/5 - Train Accuracy: 0.500425
2025-02-16 01:28:42,396:INFO:Epoch 4/5 - Validation Loss: 0.6935773203849792
2025-02-16 01:28:42,396:INFO:Epoch 4/5 - Validation Accuracy: 0.5106
2025-02-16 01:35:29,360:INFO:Epoch 5/5 - Train Loss: 0.6943670720696449
2025-02-16 01:35:29,360:INFO:Epoch 5/5 - Train Accuracy: 0.49795
2025-02-16 01:35:43,529:INFO:Epoch 5/5 - Validation Loss: 0.6949029371261597
2025-02-16 01:35:43,530:INFO:Epoch 5/5 - Validation Accuracy: 0.4894
2025-02-16 01:35:59,357:INFO:Test Loss: 0.6964536833286286
2025-02-16 01:35:59,358:INFO:Test Accuracy: 0.4958
