2025-02-16 13:01:18,792:INFO:Epoch 1/5 - Train Loss: 0.2820026006510481
2025-02-16 13:01:18,792:INFO:Epoch 1/5 - Train Accuracy: 0.87905
2025-02-16 13:01:39,942:INFO:Epoch 1/5 - Validation Loss: 0.24529032999873163
2025-02-16 13:01:39,942:INFO:Epoch 1/5 - Validation Accuracy: 0.9058
2025-02-16 13:01:40,669:INFO:Model updated: Saved at ./exp_1/checkpoints/best_model_modernbert.pt
2025-02-16 13:11:14,341:INFO:Epoch 2/5 - Train Loss: 0.16111150761374737
2025-02-16 13:11:14,341:INFO:Epoch 2/5 - Train Accuracy: 0.938225
2025-02-16 13:11:35,100:INFO:Epoch 2/5 - Validation Loss: 0.2658392406217754
2025-02-16 13:11:35,101:INFO:Epoch 2/5 - Validation Accuracy: 0.9094
2025-02-16 13:11:39,254:INFO:Model updated: Saved at ./exp_1/checkpoints/best_model_modernbert.pt
2025-02-16 13:21:14,138:INFO:Epoch 3/5 - Train Loss: 0.0744191508831922
2025-02-16 13:21:14,138:INFO:Epoch 3/5 - Train Accuracy: 0.9738
2025-02-16 13:21:35,174:INFO:Epoch 3/5 - Validation Loss: 0.3102447823714465
2025-02-16 13:21:35,175:INFO:Epoch 3/5 - Validation Accuracy: 0.8932
2025-02-16 13:31:10,428:INFO:Epoch 4/5 - Train Loss: 0.04065267495496591
2025-02-16 13:31:10,429:INFO:Epoch 4/5 - Train Accuracy: 0.985825
2025-02-16 13:31:31,221:INFO:Epoch 4/5 - Validation Loss: 0.351164018005447
2025-02-16 13:31:31,221:INFO:Epoch 4/5 - Validation Accuracy: 0.8986
2025-02-16 13:41:06,976:INFO:Epoch 5/5 - Train Loss: 0.031106753408855003
2025-02-16 13:41:06,977:INFO:Epoch 5/5 - Train Accuracy: 0.98885
2025-02-16 13:41:27,748:INFO:Epoch 5/5 - Validation Loss: 0.3766730216246564
2025-02-16 13:41:27,748:INFO:Epoch 5/5 - Validation Accuracy: 0.8958
2025-02-16 13:41:51,882:INFO:Test Loss: 0.2530000388828339
2025-02-16 13:41:51,883:INFO:Test Accuracy: 0.905
